{"C:\\Users\\dmorr\\CodingInterviewBootcamp\\exercises\\circular\\index.js": {"path":"C:\\Users\\dmorr\\CodingInterviewBootcamp\\exercises\\circular\\index.js","statementMap":{"0":{"start":{"line":16,"column":12},"end":{"line":16,"column":27}},"1":{"start":{"line":17,"column":12},"end":{"line":17,"column":27}},"2":{"start":{"line":20,"column":1},"end":{"line":28,"column":2}},"3":{"start":{"line":21,"column":2},"end":{"line":21,"column":19}},"4":{"start":{"line":22,"column":2},"end":{"line":22,"column":24}},"5":{"start":{"line":24,"column":2},"end":{"line":27,"column":3}},"6":{"start":{"line":25,"column":3},"end":{"line":25,"column":21}},"7":{"start":{"line":26,"column":3},"end":{"line":26,"column":9}},"8":{"start":{"line":29,"column":1},"end":{"line":29,"column":21}},"9":{"start":{"line":32,"column":0},"end":{"line":32,"column":26}}},"fnMap":{"0":{"name":"circular","decl":{"start":{"line":15,"column":9},"end":{"line":15,"column":17}},"loc":{"start":{"line":15,"column":24},"end":{"line":30,"column":1}},"line":15}},"branchMap":{"0":{"loc":{"start":{"line":20,"column":8},"end":{"line":20,"column":35}},"type":"binary-expr","locations":[{"start":{"line":20,"column":8},"end":{"line":20,"column":17}},{"start":{"line":20,"column":21},"end":{"line":20,"column":35}}],"line":20},"1":{"loc":{"start":{"line":24,"column":2},"end":{"line":27,"column":3}},"type":"if","locations":[{"start":{"line":24,"column":2},"end":{"line":27,"column":3}},{"start":{"line":24,"column":2},"end":{"line":27,"column":3}}],"line":24}},"s":{"0":3,"1":3,"2":3,"3":6,"4":6,"5":6,"6":2,"7":2,"8":3,"9":1},"f":{"0":3},"b":{"0":[7,6],"1":[2,4]},"_coverageSchema":"1a1c01bbd47fc00a2c39e90264f33305004495a9","hash":"01dd5e3db60e5e19673303e440851e5b6c2d7975"}
,"C:\\Users\\dmorr\\CodingInterviewBootcamp\\exercises\\circular\\linkedlist.js": {"path":"C:\\Users\\dmorr\\CodingInterviewBootcamp\\exercises\\circular\\linkedlist.js","statementMap":{"0":{"start":{"line":3,"column":4},"end":{"line":3,"column":21}},"1":{"start":{"line":4,"column":4},"end":{"line":4,"column":21}},"2":{"start":{"line":10,"column":4},"end":{"line":10,"column":21}},"3":{"start":{"line":12,"column":4},"end":{"line":14,"column":5}},"4":{"start":{"line":13,"column":6},"end":{"line":13,"column":29}},"5":{"start":{"line":18,"column":4},"end":{"line":18,"column":21}},"6":{"start":{"line":22,"column":18},"end":{"line":22,"column":19}},"7":{"start":{"line":23,"column":15},"end":{"line":23,"column":24}},"8":{"start":{"line":25,"column":4},"end":{"line":28,"column":5}},"9":{"start":{"line":26,"column":6},"end":{"line":26,"column":16}},"10":{"start":{"line":27,"column":6},"end":{"line":27,"column":23}},"11":{"start":{"line":30,"column":4},"end":{"line":30,"column":19}},"12":{"start":{"line":34,"column":4},"end":{"line":36,"column":5}},"13":{"start":{"line":35,"column":6},"end":{"line":35,"column":18}},"14":{"start":{"line":38,"column":18},"end":{"line":38,"column":19}},"15":{"start":{"line":39,"column":15},"end":{"line":39,"column":24}},"16":{"start":{"line":40,"column":4},"end":{"line":46,"column":5}},"17":{"start":{"line":41,"column":6},"end":{"line":43,"column":7}},"18":{"start":{"line":42,"column":8},"end":{"line":42,"column":20}},"19":{"start":{"line":44,"column":6},"end":{"line":44,"column":23}},"20":{"start":{"line":45,"column":6},"end":{"line":45,"column":16}},"21":{"start":{"line":47,"column":4},"end":{"line":47,"column":16}},"22":{"start":{"line":51,"column":4},"end":{"line":54,"column":5}},"23":{"start":{"line":52,"column":6},"end":{"line":52,"column":33}},"24":{"start":{"line":53,"column":6},"end":{"line":53,"column":13}},"25":{"start":{"line":56,"column":4},"end":{"line":59,"column":5}},"26":{"start":{"line":57,"column":6},"end":{"line":57,"column":44}},"27":{"start":{"line":58,"column":6},"end":{"line":58,"column":13}},"28":{"start":{"line":61,"column":18},"end":{"line":61,"column":19}},"29":{"start":{"line":62,"column":19},"end":{"line":62,"column":28}},"30":{"start":{"line":63,"column":15},"end":{"line":63,"column":29}},"31":{"start":{"line":64,"column":4},"end":{"line":72,"column":5}},"32":{"start":{"line":65,"column":6},"end":{"line":68,"column":7}},"33":{"start":{"line":66,"column":8},"end":{"line":66,"column":45}},"34":{"start":{"line":67,"column":8},"end":{"line":67,"column":15}},"35":{"start":{"line":69,"column":6},"end":{"line":69,"column":22}},"36":{"start":{"line":70,"column":6},"end":{"line":70,"column":23}},"37":{"start":{"line":71,"column":6},"end":{"line":71,"column":16}},"38":{"start":{"line":74,"column":4},"end":{"line":74,"column":41}},"39":{"start":{"line":78,"column":4},"end":{"line":80,"column":5}},"40":{"start":{"line":79,"column":6},"end":{"line":79,"column":13}},"41":{"start":{"line":82,"column":4},"end":{"line":82,"column":31}},"42":{"start":{"line":86,"column":4},"end":{"line":88,"column":5}},"43":{"start":{"line":87,"column":6},"end":{"line":87,"column":13}},"44":{"start":{"line":90,"column":4},"end":{"line":93,"column":5}},"45":{"start":{"line":91,"column":6},"end":{"line":91,"column":23}},"46":{"start":{"line":92,"column":6},"end":{"line":92,"column":13}},"47":{"start":{"line":95,"column":19},"end":{"line":95,"column":28}},"48":{"start":{"line":96,"column":15},"end":{"line":96,"column":29}},"49":{"start":{"line":97,"column":4},"end":{"line":100,"column":5}},"50":{"start":{"line":98,"column":6},"end":{"line":98,"column":22}},"51":{"start":{"line":99,"column":6},"end":{"line":99,"column":23}},"52":{"start":{"line":101,"column":4},"end":{"line":101,"column":25}},"53":{"start":{"line":105,"column":4},"end":{"line":107,"column":5}},"54":{"start":{"line":106,"column":6},"end":{"line":106,"column":13}},"55":{"start":{"line":109,"column":18},"end":{"line":109,"column":19}},"56":{"start":{"line":110,"column":15},"end":{"line":110,"column":24}},"57":{"start":{"line":111,"column":4},"end":{"line":121,"column":5}},"58":{"start":{"line":112,"column":6},"end":{"line":118,"column":7}},"59":{"start":{"line":113,"column":8},"end":{"line":117,"column":9}},"60":{"start":{"line":114,"column":10},"end":{"line":114,"column":46}},"61":{"start":{"line":116,"column":10},"end":{"line":116,"column":36}},"62":{"start":{"line":119,"column":6},"end":{"line":119,"column":23}},"63":{"start":{"line":120,"column":6},"end":{"line":120,"column":16}},"64":{"start":{"line":125,"column":4},"end":{"line":125,"column":21}},"65":{"start":{"line":129,"column":4},"end":{"line":129,"column":48}},"66":{"start":{"line":133,"column":4},"end":{"line":135,"column":5}},"67":{"start":{"line":134,"column":6},"end":{"line":134,"column":18}},"68":{"start":{"line":137,"column":15},"end":{"line":137,"column":24}},"69":{"start":{"line":138,"column":4},"end":{"line":140,"column":5}},"70":{"start":{"line":139,"column":6},"end":{"line":139,"column":23}},"71":{"start":{"line":142,"column":4},"end":{"line":142,"column":16}},"72":{"start":{"line":146,"column":17},"end":{"line":146,"column":31}},"73":{"start":{"line":148,"column":4},"end":{"line":154,"column":5}},"74":{"start":{"line":149,"column":6},"end":{"line":149,"column":33}},"75":{"start":{"line":150,"column":6},"end":{"line":150,"column":23}},"76":{"start":{"line":152,"column":6},"end":{"line":152,"column":33}},"77":{"start":{"line":153,"column":6},"end":{"line":153,"column":23}},"78":{"start":{"line":158,"column":4},"end":{"line":160,"column":5}},"79":{"start":{"line":159,"column":6},"end":{"line":159,"column":18}},"80":{"start":{"line":162,"column":15},"end":{"line":162,"column":24}},"81":{"start":{"line":163,"column":4},"end":{"line":166,"column":5}},"82":{"start":{"line":164,"column":6},"end":{"line":164,"column":15}},"83":{"start":{"line":165,"column":6},"end":{"line":165,"column":23}},"84":{"start":{"line":170,"column":15},"end":{"line":170,"column":24}},"85":{"start":{"line":171,"column":4},"end":{"line":174,"column":5}},"86":{"start":{"line":172,"column":6},"end":{"line":172,"column":17}},"87":{"start":{"line":173,"column":6},"end":{"line":173,"column":23}},"88":{"start":{"line":178,"column":0},"end":{"line":178,"column":38}}},"fnMap":{"0":{"name":"(anonymous_0)","decl":{"start":{"line":2,"column":2},"end":{"line":2,"column":3}},"loc":{"start":{"line":2,"column":33},"end":{"line":5,"column":3}},"line":2},"1":{"name":"(anonymous_1)","decl":{"start":{"line":9,"column":2},"end":{"line":9,"column":3}},"loc":{"start":{"line":9,"column":27},"end":{"line":15,"column":3}},"line":9},"2":{"name":"(anonymous_2)","decl":{"start":{"line":17,"column":2},"end":{"line":17,"column":3}},"loc":{"start":{"line":17,"column":10},"end":{"line":19,"column":3}},"line":17},"3":{"name":"(anonymous_3)","decl":{"start":{"line":21,"column":2},"end":{"line":21,"column":3}},"loc":{"start":{"line":21,"column":9},"end":{"line":31,"column":3}},"line":21},"4":{"name":"(anonymous_4)","decl":{"start":{"line":33,"column":2},"end":{"line":33,"column":3}},"loc":{"start":{"line":33,"column":15},"end":{"line":48,"column":3}},"line":33},"5":{"name":"(anonymous_5)","decl":{"start":{"line":50,"column":2},"end":{"line":50,"column":3}},"loc":{"start":{"line":50,"column":24},"end":{"line":75,"column":3}},"line":50},"6":{"name":"(anonymous_6)","decl":{"start":{"line":77,"column":2},"end":{"line":77,"column":3}},"loc":{"start":{"line":77,"column":16},"end":{"line":83,"column":3}},"line":77},"7":{"name":"(anonymous_7)","decl":{"start":{"line":85,"column":2},"end":{"line":85,"column":3}},"loc":{"start":{"line":85,"column":15},"end":{"line":102,"column":3}},"line":85},"8":{"name":"(anonymous_8)","decl":{"start":{"line":104,"column":2},"end":{"line":104,"column":3}},"loc":{"start":{"line":104,"column":18},"end":{"line":122,"column":3}},"line":104},"9":{"name":"(anonymous_9)","decl":{"start":{"line":124,"column":2},"end":{"line":124,"column":3}},"loc":{"start":{"line":124,"column":13},"end":{"line":126,"column":3}},"line":124},"10":{"name":"(anonymous_10)","decl":{"start":{"line":128,"column":2},"end":{"line":128,"column":3}},"loc":{"start":{"line":128,"column":20},"end":{"line":130,"column":3}},"line":128},"11":{"name":"(anonymous_11)","decl":{"start":{"line":132,"column":2},"end":{"line":132,"column":3}},"loc":{"start":{"line":132,"column":12},"end":{"line":143,"column":3}},"line":132},"12":{"name":"(anonymous_12)","decl":{"start":{"line":145,"column":2},"end":{"line":145,"column":3}},"loc":{"start":{"line":145,"column":19},"end":{"line":155,"column":3}},"line":145},"13":{"name":"(anonymous_13)","decl":{"start":{"line":157,"column":2},"end":{"line":157,"column":3}},"loc":{"start":{"line":157,"column":14},"end":{"line":167,"column":3}},"line":157},"14":{"name":"(anonymous_14)","decl":{"start":{"line":169,"column":2},"end":{"line":169,"column":3}},"loc":{"start":{"line":169,"column":23},"end":{"line":175,"column":3}},"line":169}},"branchMap":{"0":{"loc":{"start":{"line":2,"column":20},"end":{"line":2,"column":31}},"type":"default-arg","locations":[{"start":{"line":2,"column":27},"end":{"line":2,"column":31}}],"line":2},"1":{"loc":{"start":{"line":9,"column":14},"end":{"line":9,"column":25}},"type":"default-arg","locations":[{"start":{"line":9,"column":23},"end":{"line":9,"column":25}}],"line":9},"2":{"loc":{"start":{"line":34,"column":4},"end":{"line":36,"column":5}},"type":"if","locations":[{"start":{"line":34,"column":4},"end":{"line":36,"column":5}},{"start":{"line":34,"column":4},"end":{"line":36,"column":5}}],"line":34},"3":{"loc":{"start":{"line":41,"column":6},"end":{"line":43,"column":7}},"type":"if","locations":[{"start":{"line":41,"column":6},"end":{"line":43,"column":7}},{"start":{"line":41,"column":6},"end":{"line":43,"column":7}}],"line":41},"4":{"loc":{"start":{"line":51,"column":4},"end":{"line":54,"column":5}},"type":"if","locations":[{"start":{"line":51,"column":4},"end":{"line":54,"column":5}},{"start":{"line":51,"column":4},"end":{"line":54,"column":5}}],"line":51},"5":{"loc":{"start":{"line":56,"column":4},"end":{"line":59,"column":5}},"type":"if","locations":[{"start":{"line":56,"column":4},"end":{"line":59,"column":5}},{"start":{"line":56,"column":4},"end":{"line":59,"column":5}}],"line":56},"6":{"loc":{"start":{"line":65,"column":6},"end":{"line":68,"column":7}},"type":"if","locations":[{"start":{"line":65,"column":6},"end":{"line":68,"column":7}},{"start":{"line":65,"column":6},"end":{"line":68,"column":7}}],"line":65},"7":{"loc":{"start":{"line":78,"column":4},"end":{"line":80,"column":5}},"type":"if","locations":[{"start":{"line":78,"column":4},"end":{"line":80,"column":5}},{"start":{"line":78,"column":4},"end":{"line":80,"column":5}}],"line":78},"8":{"loc":{"start":{"line":86,"column":4},"end":{"line":88,"column":5}},"type":"if","locations":[{"start":{"line":86,"column":4},"end":{"line":88,"column":5}},{"start":{"line":86,"column":4},"end":{"line":88,"column":5}}],"line":86},"9":{"loc":{"start":{"line":90,"column":4},"end":{"line":93,"column":5}},"type":"if","locations":[{"start":{"line":90,"column":4},"end":{"line":93,"column":5}},{"start":{"line":90,"column":4},"end":{"line":93,"column":5}}],"line":90},"10":{"loc":{"start":{"line":105,"column":4},"end":{"line":107,"column":5}},"type":"if","locations":[{"start":{"line":105,"column":4},"end":{"line":107,"column":5}},{"start":{"line":105,"column":4},"end":{"line":107,"column":5}}],"line":105},"11":{"loc":{"start":{"line":112,"column":6},"end":{"line":118,"column":7}},"type":"if","locations":[{"start":{"line":112,"column":6},"end":{"line":118,"column":7}},{"start":{"line":112,"column":6},"end":{"line":118,"column":7}}],"line":112},"12":{"loc":{"start":{"line":113,"column":8},"end":{"line":117,"column":9}},"type":"if","locations":[{"start":{"line":113,"column":8},"end":{"line":117,"column":9}},{"start":{"line":113,"column":8},"end":{"line":117,"column":9}}],"line":113},"13":{"loc":{"start":{"line":133,"column":4},"end":{"line":135,"column":5}},"type":"if","locations":[{"start":{"line":133,"column":4},"end":{"line":135,"column":5}},{"start":{"line":133,"column":4},"end":{"line":135,"column":5}}],"line":133},"14":{"loc":{"start":{"line":148,"column":4},"end":{"line":154,"column":5}},"type":"if","locations":[{"start":{"line":148,"column":4},"end":{"line":154,"column":5}},{"start":{"line":148,"column":4},"end":{"line":154,"column":5}}],"line":148},"15":{"loc":{"start":{"line":158,"column":4},"end":{"line":160,"column":5}},"type":"if","locations":[{"start":{"line":158,"column":4},"end":{"line":160,"column":5}},{"start":{"line":158,"column":4},"end":{"line":160,"column":5}}],"line":158}},"s":{"0":9,"1":9,"2":3,"3":3,"4":0,"5":0,"6":0,"7":0,"8":0,"9":0,"10":0,"11":0,"12":0,"13":0,"14":0,"15":0,"16":0,"17":0,"18":0,"19":0,"20":0,"21":0,"22":0,"23":0,"24":0,"25":0,"26":0,"27":0,"28":0,"29":0,"30":0,"31":0,"32":0,"33":0,"34":0,"35":0,"36":0,"37":0,"38":0,"39":0,"40":0,"41":0,"42":0,"43":0,"44":0,"45":0,"46":0,"47":0,"48":0,"49":0,"50":0,"51":0,"52":0,"53":0,"54":0,"55":0,"56":0,"57":0,"58":0,"59":0,"60":0,"61":0,"62":0,"63":0,"64":6,"65":0,"66":0,"67":0,"68":0,"69":0,"70":0,"71":0,"72":0,"73":0,"74":0,"75":0,"76":0,"77":0,"78":0,"79":0,"80":0,"81":0,"82":0,"83":0,"84":0,"85":0,"86":0,"87":0,"88":1},"f":{"0":9,"1":3,"2":0,"3":0,"4":0,"5":0,"6":0,"7":0,"8":0,"9":6,"10":0,"11":0,"12":0,"13":0,"14":0},"b":{"0":[9],"1":[3],"2":[0,0],"3":[0,0],"4":[0,0],"5":[0,0],"6":[0,0],"7":[0,0],"8":[0,0],"9":[0,0],"10":[0,0],"11":[0,0],"12":[0,0],"13":[0,0],"14":[0,0],"15":[0,0]},"_coverageSchema":"1a1c01bbd47fc00a2c39e90264f33305004495a9","hash":"b7f67a27784e3fb3a43b51d5572c0f03231bab40"}
}
